
  VITE v3.0.6  ready in 400 ms

  ➜  Local:   http://localhost:5173/
  ➜  Network: http://10.0.4.7:5173/

  VITE v3.0.6  ready in 415 ms

  ➜  Local:   http://localhost:5173/
  ➜  Network: http://10.0.4.7:5173/

  VITE v3.0.6  ready in 434 ms

  ➜  Local:   http://localhost:5173/
  ➜  Network: use --host to expose
Port 5173 is in use, trying another one...

  VITE v3.0.6  ready in 468 ms

  ➜  Local:   http://localhost:5174/
  ➜  Network: http://10.0.4.7:5174/
Port 5173 is in use, trying another one...

  VITE v3.0.6  ready in 421 ms

  ➜  Local:   http://localhost:5174/
  ➜  Network: http://10.0.4.7:5174/
Port 5173 is in use, trying another one...
Port 5174 is in use, trying another one...

  VITE v3.0.6  ready in 411 ms

  ➜  Local:   http://localhost:5175/
  ➜  Network: http://10.0.4.7:5175/

  VITE v3.0.6  ready in 409 ms

  ➜  Local:   http://localhost:5173/
  ➜  Network: http://10.0.4.7:5173/

  VITE v3.0.6  ready in 407 ms

  ➜  Local:   http://localhost:5173/
  ➜  Network: http://10.0.4.7:5173/

  VITE v3.0.6  ready in 1800 ms

  ➜  Local:   http://localhost:5173/
  ➜  Network: http://10.0.4.7:5173/
